<?xml version="1.0" encoding="UTF-8"?>
<Site BuildName="(empty)"
	BuildStamp="20260805-1316-Experimental"
	Name="(empty)"
	Generator="ctest-4.4.2"
	CompilerName=""
	CompilerVersion=""
	OSName="Linux"
	Hostname="fad57e0030a9"
	OSRelease="6.18.33.2-microsoft-standard-WSL2"
	OSVersion="#1 SMP PREEMPT_DYNAMIC Thu Jun 18 21:54:43 UTC 2026"
	OSPlatform="x86_64"
	Is64Bits="1"
	VendorString="GenuineIntel"
	VendorID="Intel Corporation"
	FamilyID="6"
	ModelID="186"
	ModelName="13th Gen Intel(R) Core(TM) i5-13420H"
	ProcessorCacheSize="12288"
	NumberOfLogicalCPU="12"
	NumberOfPhysicalCPU="6"
	TotalVirtualMemory="1024"
	TotalPhysicalMemory="3708"
	LogicalProcessorsPerPhysical="2"
	ProcessorClockFrequency="2611.198975"
	>
	<Testing>
		<StartDateTime>Sep 15 04:48 UTC</StartDateTime>
		<StartTestTime>1789447729</StartTestTime>
		<TestList/>
		<EndDateTime>Sep 15 04:48 UTC</EndDateTime>
		<EndTestTime>1789447729</EndTestTime>
		<ElapsedMinutes>0</ElapsedMinutes>
	</Testing>
</Site>
